#
# There is insufficient memory for the Java Runtime Environment to continue.
# Native memory allocation (malloc) failed to allocate 452496 bytes for Chunk::new
# Possible reasons:
#   The system is out of physical RAM or swap space
#   In 32 bit mode, the process size limit was hit
# Possible solutions:
#   Reduce memory load on the system
#   Increase physical memory or swap space
#   Check if swap backing store is full
#   Use 64 bit Java on a 64 bit OS
#   Decrease Java heap size (-Xmx/-Xms)
#   Decrease number of Java threads
#   Decrease Java thread stack sizes (-Xss)
#   Set larger code cache with -XX:ReservedCodeCacheSize=
# This output file may be truncated or incomplete.
#
#  Out of Memory Error (allocation.cpp:390), pid=8420, tid=0x00000000000006a0
#
# JRE version: Java(TM) SE Runtime Environment (8.0_101-b13) (build 1.8.0_101-b13)
# Java VM: Java HotSpot(TM) 64-Bit Server VM (25.101-b13 mixed mode windows-amd64 compressed oops)
# Failed to write core dump. Minidumps are not enabled by default on client versions of Windows
#

---------------  T H R E A D  ---------------

Current thread (0x000000001c23c800):  JavaThread "C2 CompilerThread0" daemon [_thread_in_native, id=1696, stack(0x000000001d7b0000,0x000000001d8b0000)]

Stack: [0x000000001d7b0000,0x000000001d8b0000]
[error occurred during error reporting (printing stack bounds), id 0xc0000005]

Native frames: (J=compiled Java code, j=interpreted, Vv=VM code, C=native code)


Current CompileTask:
C2:   7596 1440       4       com.android.dx.ssa.LocalVariableExtractor::processBlock (383 bytes)


---------------  P R O C E S S  ---------------

Java Threads: ( => current thread )
  0x000000001dd25000 JavaThread "pool-2-thread-4" [_thread_blocked, id=5004, stack(0x000000001e4b0000,0x000000001e5b0000)]
  0x000000001dd24800 JavaThread "pool-2-thread-3" [_thread_blocked, id=820, stack(0x000000001e3b0000,0x000000001e4b0000)]
  0x000000001dd23800 JavaThread "pool-2-thread-2" [_thread_blocked, id=8324, stack(0x000000001e2b0000,0x000000001e3b0000)]
  0x000000001dd1f000 JavaThread "pool-3-thread-1" [_thread_blocked, id=8920, stack(0x000000001e1b0000,0x000000001e2b0000)]
  0x000000001dd1e000 JavaThread "pool-2-thread-1" [_thread_blocked, id=6500, stack(0x000000001e0b0000,0x000000001e1b0000)]
  0x000000001c255800 JavaThread "Service Thread" daemon [_thread_blocked, id=6956, stack(0x000000001deb0000,0x000000001dfb0000)]
  0x000000001c244800 JavaThread "C1 CompilerThread2" daemon [_thread_blocked, id=1352, stack(0x000000001d9b0000,0x000000001dab0000)]
  0x000000001c23f800 JavaThread "C2 CompilerThread1" daemon [_thread_in_native, id=2564, stack(0x000000001d8b0000,0x000000001d9b0000)]
=>0x000000001c23c800 JavaThread "C2 CompilerThread0" daemon [_thread_in_native, id=1696, stack(0x000000001d7b0000,0x000000001d8b0000)]
  0x000000001c23b800 JavaThread "Attach Listener" daemon [_thread_blocked, id=5284, stack(0x000000001d6b0000,0x000000001d7b0000)]
  0x000000001c23a000 JavaThread "Signal Dispatcher" daemon [_thread_blocked, id=9912, stack(0x000000001d5b0000,0x000000001d6b0000)]
  0x0000000002a6a000 JavaThread "Finalizer" daemon [_thread_blocked, id=8688, stack(0x000000001d4b0000,0x000000001d5b0000)]
  0x0000000002a5f800 JavaThread "Reference Handler" daemon [_thread_blocked, id=4148, stack(0x000000001d3b0000,0x000000001d4b0000)]
  0x0000000002971000 JavaThread "main" [_thread_blocked, id=2796, stack(0x00000000027e0000,0x00000000028e0000)]

Other Threads:
  0x000000001c208000 VMThread [stack: 0x000000001d2b0000,0x000000001d3b0000] [id=5680]
  0x000000001c259800 WatcherThread [stack: 0x000000001dfb0000,0x000000001e0b0000] [id=7940]

VM state:at safepoint (normal execution)

VM Mutex/Monitor currently owned by a thread:  ([mutex/lock_event])
[0x0000000002b6c3d0] Threads_lock - owner thread: 0x000000001c208000
[0x0000000002b6c0d0] Heap_lock - owner thread: 0x000000001dd23800

Heap:
 PSYoungGen      total 38400K, used 38395K [0x000000076ab00000, 0x000000076f600000, 0x00000007c0000000)
  eden space 33280K, 100% used [0x000000076ab00000,0x000000076cb80000,0x000000076cb80000)
  from space 5120K, 99% used [0x000000076cb80000,0x000000076d07ef70,0x000000076d080000)
  to   space 5120K, 14% used [0x000000076f100000,0x000000076f1b9760,0x000000076f600000)
 ParOldGen       total 87552K, used 1069K [0x00000006c0000000, 0x00000006c5580000, 0x000000076ab00000)
  object space 87552K, 1% used [0x00000006c0000000,0x00000006c010b420,0x00000006c5580000)
 Metaspace       used 6105K, capacity 7088K, committed 7296K, reserved 1056768K
  class space    used 597K, capacity 616K, committed 640K, reserved 1048576K

Card table byte_map: [0x0000000011f30000,0x0000000012740000] byte_map_base: 0x000000000e930000

Marking Bits: (ParMarkBitMap*) 0x00000000698ba6d0
 Begin Bits: [0x00000000130a0000, 0x00000000170a0000)
 End Bits:   [0x00000000170a0000, 0x000000001b0a0000)

Polling page: 0x0000000001070000

CodeCache: size=245760Kb used=6383Kb max_used=6390Kb free=239376Kb
 bounds [0x0000000002b70000, 0x00000000031c0000, 0x0000000011b70000]
 total_blobs=1725 nmethods=1459 adapters=178
 compilation: enabled

Compilation events (10 events):
Event: 7.439 Thread 0x000000001c244800 1474       3       com.android.dx.ssa.SsaInsn::makeFromRop (10 bytes)
Event: 7.439 Thread 0x000000001c244800 nmethod 1474 0x00000000031a8910 code [0x00000000031a8aa0, 0x00000000031a8f48]
Event: 7.439 Thread 0x000000001c244800 1473       3       com.android.dx.rop.type.Type::isReference (15 bytes)
Event: 7.439 Thread 0x000000001c244800 nmethod 1473 0x0000000003164350 code [0x00000000031644a0, 0x0000000003164650]
Event: 7.439 Thread 0x000000001c244800 1472       3       com.android.dx.rop.type.StdTypeList::equalContents (56 bytes)
Event: 7.440 Thread 0x000000001c244800 nmethod 1472 0x00000000031a9190 code [0x00000000031a9360, 0x00000000031a9c28]
Event: 7.462 Thread 0x000000001c23f800 nmethod 1437 0x00000000031ae8d0 code [0x00000000031aebe0, 0x00000000031b08e0]
Event: 7.462 Thread 0x000000001c23f800 1475       4       com.android.dx.rop.code.RegisterSpecSet::size (49 bytes)
Event: 7.464 Thread 0x000000001c23f800 nmethod 1475 0x00000000031ab850 code [0x00000000031ab980, 0x00000000031abad8]
Event: 7.464 Thread 0x000000001c23f800 1435       4       com.android.dx.ssa.SCCP::simulateBranch (666 bytes)

GC Heap History (2 events):
Event: 5.826 GC heap before
{Heap before GC invocations=1 (full 0):
 PSYoungGen      total 38400K, used 33280K [0x000000076ab00000, 0x000000076d580000, 0x00000007c0000000)
  eden space 33280K, 100% used [0x000000076ab00000,0x000000076cb80000,0x000000076cb80000)
  from space 5120K, 0% used [0x000000076d080000,0x000000076d080000,0x000000076d580000)
  to   space 5120K, 0% used [0x000000076cb80000,0x000000076cb80000,0x000000076d080000)
 ParOldGen       total 87552K, used 0K [0x00000006c0000000, 0x00000006c5580000, 0x000000076ab00000)
  object space 87552K, 0% used [0x00000006c0000000,0x00000006c0000000,0x00000006c5580000)
 Metaspace       used 5966K, capacity 7024K, committed 7296K, reserved 1056768K
  class space    used 596K, capacity 616K, committed 640K, reserved 1048576K
Event: 5.962 GC heap after
Heap after GC invocations=1 (full 0):
 PSYoungGen      total 38400K, used 5115K [0x000000076ab00000, 0x000000076f600000, 0x00000007c0000000)
  eden space 33280K, 0% used [0x000000076ab00000,0x000000076ab00000,0x000000076cb80000)
  from space 5120K, 99% used [0x000000076cb80000,0x000000076d07ef70,0x000000076d080000)
  to   space 5120K, 0% used [0x000000076f100000,0x000000076f100000,0x000000076f600000)
 ParOldGen       total 87552K, used 1069K [0x00000006c0000000, 0x00000006c5580000, 0x000000076ab00000)
  object space 87552K, 1% used [0x00000006c0000000,0x00000006c010b420,0x00000006c5580000)
 Metaspace       used 5966K, capacity 7024K, committed 7296K, reserved 1056768K
  class space    used 596K, capacity 616K, committed 640K, reserved 1048576K
}

Deoptimization events (10 events):
Event: 5.112 Thread 0x000000001dd24800 Uncommon trap: reason=bimorphic action=maybe_recompile pc=0x0000000002dbdab0 method=java.util.HashMap.getNode(ILjava/lang/Object;)Ljava/util/HashMap$Node; @ 126
Event: 5.373 Thread 0x000000001dd25000 Uncommon trap: reason=unstable_if action=reinterpret pc=0x0000000002e55b80 method=com.android.dx.rop.code.RegisterSpec.equals(ILcom/android/dx/rop/type/TypeBearer;Lcom/android/dx/rop/code/LocalItem;)Z @ 42
Event: 5.441 Thread 0x000000001dd24800 Uncommon trap: reason=unstable_if action=reinterpret pc=0x0000000002fdf2b8 method=com.android.dx.cf.code.Ropper.labelToResultIndex(I)I @ 34
Event: 6.037 Thread 0x000000001dd25000 Uncommon trap: reason=bimorphic action=maybe_recompile pc=0x0000000002dbdab0 method=java.util.HashMap.getNode(ILjava/lang/Object;)Ljava/util/HashMap$Node; @ 126
Event: 6.443 Thread 0x0000000002971000 Uncommon trap: reason=unstable_if action=reinterpret pc=0x0000000002d888fc method=java.lang.String.<init>([CII)V @ 18
Event: 6.937 Thread 0x000000001dd23800 Uncommon trap: reason=unstable_if action=reinterpret pc=0x0000000002ec96dc method=com.android.dx.rop.cst.Constant.compareTo(Lcom/android/dx/rop/cst/Constant;)I @ 12
Event: 6.958 Thread 0x000000001dd25000 Uncommon trap: reason=class_check action=maybe_recompile pc=0x0000000003147904 method=com.android.dx.cf.code.BytecodeArray.parseInstruction(ILcom/android/dx/cf/code/BytecodeArray$Visitor;)I @ 1672
Event: 7.392 Thread 0x0000000002971000 Uncommon trap: reason=uninitialized action=reinterpret pc=0x0000000003146c00 method=com.android.dx.cf.code.BytecodeArray.parseInstruction(ILcom/android/dx/cf/code/BytecodeArray$Visitor;)I @ 999
Event: 7.407 Thread 0x0000000002971000 Uncommon trap: reason=bimorphic action=maybe_recompile pc=0x0000000002e1c058 method=java.util.HashMap.getNode(ILjava/lang/Object;)Ljava/util/HashMap$Node; @ 126
Event: 7.407 Thread 0x0000000002971000 Uncommon trap: reason=bimorphic action=maybe_recompile pc=0x0000000003000a78 method=java.util.HashMap.putVal(ILjava/lang/Object;Ljava/lang/Object;ZZ)Ljava/lang/Object; @ 203

Internal exceptions (2 events):
Event: 0.049 Thread 0x0000000002971000 Exception <a 'java/lang/NoSuchMethodError': Method sun.misc.Unsafe.defineClass(Ljava/lang/String;[BII)Ljava/lang/Class; name or signature does not match> (0x000000076ab07cc0) thrown at [C:\re\workspace\8-2-build-windows-amd64-cygwin\jdk8u101\7261\hotspot\s< Ьше?
Event: 0.049 Thread 0x0000000002971000 Exception <a 'java/lang/NoSuchMethodError': Method sun.misc.Unsafe.prefetchRead(Ljava/lang/Object;J)V name or signature does not match> (0x000000076ab07fa8) thrown at [C:\re\workspace\8-2-build-windows-amd64-cygwin\jdk8u101\7261\hotspot\src\share\vm\prims\

Events (10 events):
Event: 6.958 Thread 0x000000001dd25000 DEOPT UNPACKING pc=0x0000000002bb582a sp=0x000000001e5ae908 mode 2
Event: 7.392 Thread 0x0000000002971000 Uncommon trap: trap_request=0xffffffb5 fr.pc=0x0000000003146c00
Event: 7.392 Thread 0x0000000002971000 DEOPT PACKING pc=0x0000000003146c00 sp=0x00000000028de6f0
Event: 7.392 Thread 0x0000000002971000 DEOPT UNPACKING pc=0x0000000002bb582a sp=0x00000000028de670 mode 2
Event: 7.407 Thread 0x0000000002971000 Uncommon trap: trap_request=0xffffffc6 fr.pc=0x0000000002e1c058
Event: 7.407 Thread 0x0000000002971000 DEOPT PACKING pc=0x0000000002e1c058 sp=0x00000000028de620
Event: 7.407 Thread 0x0000000002971000 DEOPT UNPACKING pc=0x0000000002bb582a sp=0x00000000028de5a0 mode 2
Event: 7.407 Thread 0x0000000002971000 Uncommon trap: trap_request=0xffffffc6 fr.pc=0x0000000003000a78
Event: 7.407 Thread 0x0000000002971000 DEOPT PACKING pc=0x0000000003000a78 sp=0x00000000028de5f0
Event: 7.407 Thread 0x0000000002971000 DEOPT UNPACKING pc=0x0000000002bb582a sp=0x00000000028de578 mode 2


Dynamic libraries:
0x00007ff759120000 - 0x00007ff759157000 	C:\Program Files\Java\jdk1.8.0_101\bin\java.exe
0x00007ffac41c0000 - 0x00007ffac4381000 	C:\WINDOWS\SYSTEM32\ntdll.dll
0x00007ffac26f0000 - 0x00007ffac279d000 	C:\WINDOWS\system32\KERNEL32.DLL
0x00007ffac09a0000 - 0x00007ffac0b88000 	C:\WINDOWS\system32\KERNELBASE.dll
0x00007ffac2590000 - 0x00007ffac2637000 	C:\WINDOWS\system32\ADVAPI32.dll
0x00007ffac2910000 - 0x00007ffac29ad000 	C:\WINDOWS\system32\msvcrt.dll
0x00007ffac4160000 - 0x00007ffac41bb000 	C:\WINDOWS\system32\sechost.dll
0x00007ffac27f0000 - 0x00007ffac290c000 	C:\WINDOWS\system32\RPCRT4.dll
0x00007ffac1da0000 - 0x00007ffac1ef6000 	C:\WINDOWS\system32\USER32.dll
0x00007ffac3f70000 - 0x00007ffac40f6000 	C:\WINDOWS\system32\GDI32.dll
0x00007ffab7130000 - 0x00007ffab73a4000 	C:\WINDOWS\WinSxS\amd64_microsoft.windows.common-controls_6595b64144ccf1df_6.0.10586.672_none_a2d6b3cea53ff843\COMCTL32.dll
0x00007ffac1840000 - 0x00007ffac1abd000 	C:\WINDOWS\system32\combase.dll
0x00007ffac0e50000 - 0x00007ffac0eba000 	C:\WINDOWS\system32\bcryptPrimitives.dll
0x00007ffac27a0000 - 0x00007ffac27db000 	C:\WINDOWS\system32\IMM32.DLL
0x0000000069940000 - 0x0000000069a12000 	C:\Program Files\Java\jdk1.8.0_101\jre\bin\msvcr100.dll
0x00000000690a0000 - 0x000000006993a000 	C:\Program Files\Java\jdk1.8.0_101\jre\bin\server\jvm.dll
0x00007ffac1be0000 - 0x00007ffac1be8000 	C:\WINDOWS\system32\PSAPI.DLL
0x00007ffabefe0000 - 0x00007ffabefe9000 	C:\WINDOWS\SYSTEM32\WSOCK32.dll
0x00007ffac1f00000 - 0x00007ffac1f6b000 	C:\WINDOWS\system32\WS2_32.dll
0x00007ffabe4b0000 - 0x00007ffabe4d3000 	C:\WINDOWS\SYSTEM32\WINMM.dll
0x00007ffab8060000 - 0x00007ffab806a000 	C:\WINDOWS\SYSTEM32\VERSION.dll
0x00007ffabe480000 - 0x00007ffabe4ac000 	C:\WINDOWS\SYSTEM32\WINMMBASE.dll
0x00007ffac0870000 - 0x00007ffac08b3000 	C:\WINDOWS\system32\cfgmgr32.dll
0x0000000069090000 - 0x000000006909f000 	C:\Program Files\Java\jdk1.8.0_101\jre\bin\verify.dll
0x0000000069060000 - 0x0000000069089000 	C:\Program Files\Java\jdk1.8.0_101\jre\bin\java.dll
0x0000000069040000 - 0x0000000069056000 	C:\Program Files\Java\jdk1.8.0_101\jre\bin\zip.dll
0x00007ffac29b0000 - 0x00007ffac3f0c000 	C:\WINDOWS\system32\SHELL32.dll
0x00007ffac0ec0000 - 0x00007ffac1505000 	C:\WINDOWS\system32\windows.storage.dll
0x00007ffac4100000 - 0x00007ffac4152000 	C:\WINDOWS\system32\shlwapi.dll
0x00007ffac0860000 - 0x00007ffac086f000 	C:\WINDOWS\system32\kernel.appcore.dll
0x00007ffac08c0000 - 0x00007ffac0975000 	C:\WINDOWS\system32\shcore.dll
0x00007ffac07e0000 - 0x00007ffac082b000 	C:\WINDOWS\system32\powrprof.dll
0x00007ffac0830000 - 0x00007ffac0844000 	C:\WINDOWS\system32\profapi.dll

VM Arguments:
jvm_args: -Djava.awt.headless=true -Xmx4g -Dfile.encoding=windows-1252 -Duser.country=US -Duser.language=en -Duser.variant 
java_command: com.android.dx.command.Main --dex --num-threads=4 --multi-dex --output F:\inMegh-Android\app\build\intermediates\transforms\dex\debug\folders\1000\10\classes_a7bc4812f8903804fb26fda454f892f528c0b233 C:\Users\Exalogic\.android\build-cache\2b4f1fdc682b026bcbd0a897605f924b784c6bf5\output\jars\classes.jar
java_class_path (initial): C:\Users\Exalogic\AppData\Local\Android\sdk\build-tools\26.0.2\lib\dx.jar
Launcher Type: SUN_STANDARD

Environment Variables:
PATH=C:\Users\Exalogic\AppData\Roaming\npm;C:\Program Files\nodejs;C:\Program Files\nodejs\;C:\Users\Exalogic\AppData\Roaming\npm
USERNAME=Exalogic
OS=Windows_NT
PROCESSOR_IDENTIFIER=Intel64 Family 6 Model 58 Stepping 9, GenuineIntel



---------------  S Y S T E M  ---------------

OS: Windows 10.0 , 64 bit Build 10586 (10.0.10586.589)

CPU:total 4 (2 cores per cpu, 2 threads per core) family 6 model 58 stepping 9, cmov, cx8, fxsr, mmx, sse, sse2, sse3, ssse3, sse4.1, sse4.2, popcnt, avx, clmul, erms, ht, tsc, tscinvbit, tscinv

Memory: 4k page, physical 8281496k(1280804k free), swap 12905364k(6368k free)

vm_info: Java HotSpot(TM) 64-Bit Server VM (25.101-b13) for windows-amd64 JRE (1.8.0_101-b13), built on Jun 22 2016 01:21:29 by "java_re" with MS VC++ 10.0 (VS2010)

time: Fri Jan 05 12:12:20 2018
elapsed time: 7 seconds (0d 0h 0m 7s)

